<?xml version="1.0" encoding="UTF-8"?>
<!-- Generated by org.testng.reporters.JUnitReportReporter -->
<testsuite skipped="0" hostname="DESKTOP-04B9575" name="runner.RemoveitemsRunner" tests="1" failures="0" timestamp="2020-04-13T07:40:07 IST" time="32.103" errors="0">
  <testcase name="login" time="32.103" classname="runner.RemoveitemsRunner"/>
  <system-out/>
</testsuite> <!-- runner.RemoveitemsRunner -->
