<?xml version="1.0" encoding="UTF-8"?>
<!-- Generated by org.testng.reporters.JUnitReportReporter -->
<testsuite skipped="0" hostname="DESKTOP-04B9575" name="runner.LoginRunner" tests="1" failures="0" timestamp="2020-04-13T06:55:27 IST" time="29.178" errors="0">
  <testcase name="login" time="29.178" classname="runner.LoginRunner"/>
  <system-out/>
</testsuite> <!-- runner.LoginRunner -->
