<?xml version="1.0" encoding="UTF-8"?>
<!-- Generated by org.testng.reporters.JUnitReportReporter -->
<testsuite skipped="0" hostname="DESKTOP-04B9575" name="runner.TestRunner2" tests="1" failures="0" timestamp="2020-04-12T15:58:45 IST" time="33.241" errors="0">
  <testcase name="login" time="33.241" classname="runner.TestRunner2"/>
  <system-out/>
</testsuite> <!-- runner.TestRunner2 -->
