<?xml version="1.0" encoding="UTF-8"?>
<!-- Generated by org.testng.reporters.JUnitReportReporter -->
<testsuite skipped="0" hostname="DESKTOP-04B9575" name="runner.TestRunner4" tests="1" failures="0" timestamp="2020-04-12T16:06:42 IST" time="35.611" errors="0">
  <testcase name="login" time="35.611" classname="runner.TestRunner4"/>
  <system-out/>
</testsuite> <!-- runner.TestRunner4 -->
