<?xml version="1.0" encoding="UTF-8"?>
<!-- Generated by org.testng.reporters.JUnitReportReporter -->
<testsuite skipped="0" hostname="DESKTOP-04B9575" name="cts.miniproject.test.VerifySaucedemoLoginPageFactory" tests="1" failures="0" timestamp="2020-04-08T16:25:57 IST" time="14.575" errors="0">
  <testcase name="checkValidUser" time="14.575" classname="cts.miniproject.test.VerifySaucedemoLoginPageFactory"/>
  <system-out/>
</testsuite> <!-- cts.miniproject.test.VerifySaucedemoLoginPageFactory -->
