<?xml version="1.0" encoding="UTF-8"?>
<!-- Generated by org.testng.reporters.JUnitReportReporter -->
<testsuite skipped="0" hostname="DESKTOP-04B9575" name="runner.TestRunner3" tests="1" failures="0" timestamp="2020-04-12T16:00:13 IST" time="41.286" errors="0">
  <testcase name="login" time="41.286" classname="runner.TestRunner3"/>
  <system-out/>
</testsuite> <!-- runner.TestRunner3 -->
