<?xml version="1.0" encoding="UTF-8"?>
<!-- Generated by org.testng.reporters.JUnitReportReporter -->
<testsuite skipped="0" hostname="DESKTOP-04B9575" name="runner.PlaceorderRunner" tests="1" failures="0" timestamp="2020-04-13T07:36:17 IST" time="39.822" errors="0">
  <testcase name="login" time="39.822" classname="runner.PlaceorderRunner"/>
  <system-out/>
</testsuite> <!-- runner.PlaceorderRunner -->
