<?xml version="1.0" encoding="UTF-8"?>
<!-- Generated by org.testng.reporters.JUnitReportReporter -->
<testsuite skipped="0" hostname="DESKTOP-04B9575" name="runner.ProductsRunner" tests="1" failures="0" timestamp="2020-04-13T06:58:32 IST" time="32.317" errors="0">
  <testcase name="login" time="32.317" classname="runner.ProductsRunner"/>
  <system-out/>
</testsuite> <!-- runner.ProductsRunner -->
