<?xml version="1.0" encoding="UTF-8"?>
<!-- Generated by org.testng.reporters.JUnitReportReporter -->
<testsuite skipped="0" hostname="DESKTOP-04B9575" name="runner.TestRunner" tests="1" failures="0" timestamp="2020-04-12T12:05:42 IST" time="49.615" errors="0">
  <testcase name="login" time="49.615" classname="runner.TestRunner"/>
  <system-out/>
</testsuite> <!-- runner.TestRunner -->
