<?xml version="1.0" encoding="UTF-8"?>
<!-- Generated by org.testng.reporters.JUnitReportReporter -->
<testsuite skipped="0" hostname="DESKTOP-04B9575" name="runner.CheckoutRunner" tests="1" failures="0" timestamp="2020-04-13T07:33:44 IST" time="36.818" errors="0">
  <testcase name="login" time="36.818" classname="runner.CheckoutRunner"/>
  <system-out/>
</testsuite> <!-- runner.CheckoutRunner -->
